SF:lib\domain\entities\cep_entity.dart
DA:10,5
DA:19,6
DA:20,3
DA:21,3
DA:22,3
DA:23,3
DA:24,3
DA:25,3
DA:28,2
DA:37,4
DA:41,3
DA:42,9
DA:43,9
DA:44,9
DA:45,9
DA:46,9
DA:47,9
DA:50,1
DA:52,3
DA:53,3
DA:54,3
DA:55,3
DA:56,3
DA:57,2
DA:60,1
DA:62,7
LF:26
LH:26
end_of_record
SF:lib\infrastructure\models\remote_cep_model.dart
DA:11,5
DA:20,3
DA:21,3
DA:22,3
DA:32,3
DA:33,3
DA:34,3
DA:35,3
DA:36,3
DA:37,3
DA:39,1
DA:41,1
DA:42,1
DA:43,1
DA:44,1
DA:45,1
DA:46,1
DA:47,1
DA:48,1
DA:52,1
DA:53,1
DA:54,1
DA:55,1
DA:56,1
DA:57,1
DA:58,1
DA:62,2
DA:71,1
DA:75,1
DA:76,3
DA:77,3
DA:78,3
DA:79,3
DA:80,3
DA:81,3
DA:84,1
DA:86,3
DA:87,3
DA:88,3
DA:89,3
DA:90,3
DA:91,2
DA:94,1
DA:96,7
LF:44
LH:44
end_of_record
SF:lib\infrastructure\models\remote_error_model.dart
DA:5,2
DA:9,2
DA:10,2
DA:11,2
DA:12,2
DA:13,2
DA:15,1
DA:17,1
DA:18,1
DA:23,1
DA:27,4
DA:30,1
DA:32,2
DA:35,1
DA:37,2
LF:15
LH:15
end_of_record
SF:lib\infrastructure\contracts\gateways\logger_impl.dart
DA:11,1
DA:12,1
DA:16,1
DA:18,2
DA:21,3
DA:23,6
DA:26,2
DA:28,4
DA:31,1
DA:33,2
DA:36,1
DA:38,2
DA:41,1
DA:43,3
DA:44,2
LF:15
LH:15
end_of_record
SF:lib\core\util\global_validation_map_function.dart
DA:3,6
DA:6,4
DA:10,8
DA:11,4
DA:12,4
DA:13,12
DA:14,0
DA:15,0
DA:19,0
DA:20,0
DA:24,2
DA:25,4
LF:12
LH:8
end_of_record
SF:lib\domain\usecases\delete_favorite_by_id\delete_favorite_by_id_usecase_impl.dart
DA:9,1
DA:13,1
DA:14,1
DA:15,2
DA:18,3
DA:20,1
DA:21,2
LF:7
LH:7
end_of_record
SF:lib\domain\usecases\find_favorite\find_favorite_usecase_impl.dart
DA:10,1
DA:14,1
DA:15,3
DA:17,1
DA:18,2
DA:21,1
DA:22,5
LF:7
LH:7
end_of_record
SF:lib\domain\usecases\get_cep_info_by_cep_number\get_cep_info_by_cep_number_usecase_impl.dart
DA:10,1
DA:14,1
DA:15,2
DA:16,2
DA:18,3
DA:20,1
DA:21,2
DA:23,2
LF:8
LH:8
end_of_record
SF:lib\infrastructure\errors\failure_request.dart
DA:4,8
DA:6,2
DA:7,2
DA:10,1
DA:11,1
DA:14,1
DA:15,1
DA:18,1
DA:19,1
DA:22,1
DA:23,1
DA:26,3
DA:28,1
DA:32,1
DA:34,1
DA:37,3
DA:41,8
DA:44,1
DA:45,2
LF:19
LH:19
end_of_record
SF:lib\domain\usecases\insert_favorite\insert_favorite_usecase_impl.dart
DA:10,1
DA:14,1
DA:15,2
DA:16,2
DA:19,4
DA:21,1
DA:22,2
DA:25,2
LF:8
LH:8
end_of_record
SF:lib\domain\contracts\gateways\http_service.dart
DA:14,2
LF:1
LH:1
end_of_record
SF:lib\infrastructure\contracts\gateways\dio_service.dart
DA:7,3
DA:13,1
DA:17,1
DA:19,1
DA:23,1
DA:26,3
DA:29,1
DA:33,2
DA:34,1
DA:35,1
DA:36,1
DA:40,1
DA:45,3
DA:46,3
DA:47,3
DA:48,4
DA:49,2
LF:17
LH:17
end_of_record
SF:lib\infrastructure\contracts\repositories\favorite_repository_impl.dart
DA:9,1
DA:13,1
DA:14,3
DA:16,2
DA:17,1
DA:18,2
DA:23,1
DA:24,3
DA:26,2
DA:27,1
DA:28,2
DA:33,1
DA:34,3
DA:37,2
DA:38,1
DA:39,2
LF:16
LH:16
end_of_record
SF:lib\infrastructure\contracts\repositories\get_cep_repository_impl.dart
DA:13,1
DA:17,1
DA:18,3
DA:19,1
DA:20,2
DA:21,4
DA:22,5
DA:25,3
DA:27,1
DA:29,1
LF:10
LH:10
end_of_record
