SF:lib\domain\entities\cep_entity.dart
DA:10,4
DA:19,4
DA:20,2
DA:21,2
DA:22,2
DA:23,2
DA:24,2
DA:25,2
DA:28,2
DA:37,3
DA:41,2
DA:42,6
DA:43,6
DA:44,6
DA:45,6
DA:46,6
DA:47,6
DA:50,1
DA:52,3
DA:53,3
DA:54,3
DA:55,3
DA:56,3
DA:57,2
DA:60,1
DA:62,7
LF:26
LH:26
end_of_record
SF:lib\infrastructure\models\remote_cep_model.dart
DA:11,2
DA:20,1
DA:21,1
DA:22,1
DA:32,1
DA:33,1
DA:34,1
DA:35,1
DA:36,1
DA:37,1
DA:39,0
DA:41,0
DA:42,0
DA:43,0
DA:44,0
DA:45,0
DA:46,0
DA:47,0
DA:48,0
DA:52,1
DA:53,1
DA:54,1
DA:55,1
DA:56,1
DA:57,1
DA:58,1
DA:62,0
DA:71,0
DA:75,0
DA:76,0
DA:77,0
DA:78,0
DA:79,0
DA:80,0
DA:81,0
DA:84,0
DA:86,0
DA:87,0
DA:88,0
DA:89,0
DA:90,0
DA:91,0
DA:94,0
DA:96,0
LF:44
LH:17
end_of_record
SF:lib\core\util\global_validation_map_function.dart
DA:3,0
DA:6,1
DA:10,2
DA:11,1
DA:12,1
DA:13,3
DA:14,0
DA:15,0
DA:19,0
DA:20,0
DA:24,0
DA:25,0
LF:12
LH:5
end_of_record
SF:lib\infrastructure\contracts\gateways\logger_impl.dart
DA:10,0
DA:11,0
DA:15,0
DA:17,0
DA:20,0
DA:22,0
DA:25,0
DA:27,0
DA:30,0
DA:32,0
DA:35,0
DA:37,0
DA:40,0
DA:42,0
DA:43,0
LF:15
LH:0
end_of_record
SF:lib\domain\usecases\insert_favorite\insert_favorite_usecase_impl.dart
DA:10,1
DA:14,1
DA:15,2
DA:16,2
DA:19,4
DA:21,1
DA:22,2
DA:25,2
LF:8
LH:8
end_of_record
SF:lib\domain\usecases\delete_favorite_by_id\delete_favorite_by_id_usecase_impl.dart
DA:9,1
DA:13,1
DA:14,1
DA:15,2
DA:18,3
DA:20,1
DA:21,2
LF:7
LH:7
end_of_record
SF:lib\domain\usecases\find_favorite\find_favorite_usecase_impl.dart
DA:10,1
DA:14,1
DA:15,3
DA:17,1
DA:18,2
DA:21,1
DA:22,5
LF:7
LH:7
end_of_record
SF:lib\domain\usecases\get_cep_info_by_cep_number\get_cep_info_by_cep_number_usecase_impl.dart
DA:10,1
DA:14,1
DA:15,2
DA:16,2
DA:18,3
DA:20,1
DA:21,2
DA:23,2
LF:8
LH:8
end_of_record
SF:lib\infrastructure\errors\failure_request.dart
DA:4,2
DA:6,0
DA:7,0
DA:10,0
DA:11,0
DA:14,0
DA:15,0
DA:18,0
DA:19,0
DA:22,0
DA:23,0
DA:26,0
DA:28,0
DA:32,0
DA:34,0
DA:37,1
DA:41,0
DA:44,0
DA:45,0
LF:19
LH:2
end_of_record
